# JRE version: OpenJDK Runtime Environment (11.0.10) (build 11.0.10+0-b96-7249189)
# Java VM: OpenJDK 64-Bit Server VM (11.0.10+0-b96-7249189, mixed mode, tiered, compressed oops, g1 gc, windows-amd64)
Heap:
 garbage-first heap   total 561152K, used 380839K [0x0000000080000000, 0x0000000100000000)
  region size 1024K, 79 young (80896K), 7 survivors (7168K)
 Metaspace       used 164109K, capacity 169372K, committed 169472K, reserved 1196032K
  class space    used 20366K, capacity 22253K, committed 22272K, reserved 1048576K
GC Heap History (20 events):
Event: 2592.657 GC heap before
{Heap before GC invocations=99 (full 0):
 garbage-first heap   total 561152K, used 484086K [0x0000000080000000, 0x0000000100000000)
  region size 1024K, 269 young (275456K), 18 survivors (18432K)
 Metaspace       used 148927K, capacity 153536K, committed 153600K, reserved 1183744K
  class space    used 18368K, capacity 19968K, committed 19968K, reserved 1048576K
}
Event: 2592.688 GC heap after
{Heap after GC invocations=100 (full 0):
 garbage-first heap   total 561152K, used 228086K [0x0000000080000000, 0x0000000100000000)
  region size 1024K, 19 young (19456K), 19 survivors (19456K)
 Metaspace       used 148927K, capacity 153536K, committed 153600K, reserved 1183744K
  class space    used 18368K, capacity 19968K, committed 19968K, reserved 1048576K
}
Event: 2593.589 GC heap before
{Heap before GC invocations=100 (full 0):
 garbage-first heap   total 561152K, used 484086K [0x0000000080000000, 0x0000000100000000)
  region size 1024K, 269 young (275456K), 19 survivors (19456K)
 Metaspace       used 148952K, capacity 153600K, committed 153600K, reserved 1183744K
  class space    used 18368K, capacity 19968K, committed 19968K, reserved 1048576K
}
Event: 2593.617 GC heap after
{Heap after GC invocations=101 (full 0):
 garbage-first heap   total 561152K, used 228359K [0x0000000080000000, 0x0000000100000000)
  region size 1024K, 18 young (18432K), 18 survivors (18432K)
 Metaspace       used 148952K, capacity 153600K, committed 153600K, reserved 1183744K
  class space    used 18368K, capacity 19968K, committed 19968K, reserved 1048576K
}
Event: 2594.600 GC heap before
{Heap before GC invocations=101 (full 0):
 garbage-first heap   total 561152K, used 486407K [0x0000000080000000, 0x0000000100000000)
  region size 1024K, 269 young (275456K), 18 survivors (18432K)
 Metaspace       used 148968K, capacity 153601K, committed 153856K, reserved 1183744K
  class space    used 18369K, capacity 19968K, committed 19968K, reserved 1048576K
}
Event: 2594.626 GC heap after
{Heap after GC invocations=102 (full 0):
 garbage-first heap   total 561152K, used 227335K [0x0000000080000000, 0x0000000100000000)
  region size 1024K, 16 young (16384K), 16 survivors (16384K)
 Metaspace       used 148968K, capacity 153601K, committed 153856K, reserved 1183744K
  class space    used 18369K, capacity 19968K, committed 19968K, reserved 1048576K
}
Event: 2595.631 GC heap before
{Heap before GC invocations=102 (full 0):
 garbage-first heap   total 561152K, used 487431K [0x0000000080000000, 0x0000000100000000)
  region size 1024K, 270 young (276480K), 16 survivors (16384K)
 Metaspace       used 148973K, capacity 153601K, committed 153856K, reserved 1183744K
  class space    used 18369K, capacity 19968K, committed 19968K, reserved 1048576K
}
Event: 2595.658 GC heap after
{Heap after GC invocations=103 (full 0):
 garbage-first heap   total 561152K, used 228359K [0x0000000080000000, 0x0000000100000000)
  region size 1024K, 17 young (17408K), 17 survivors (17408K)
 Metaspace       used 148973K, capacity 153601K, committed 153856K, reserved 1183744K
  class space    used 18369K, capacity 19968K, committed 19968K, reserved 1048576K
}
Event: 2598.437 GC heap before
{Heap before GC invocations=103 (full 0):
 garbage-first heap   total 561152K, used 515079K [0x0000000080000000, 0x0000000100000000)
  region size 1024K, 269 young (275456K), 17 survivors (17408K)
 Metaspace       used 150311K, capacity 155019K, committed 155136K, reserved 1183744K
  class space    used 18531K, capacity 20134K, committed 20224K, reserved 1048576K
}
Event: 2598.494 GC heap after
{Heap after GC invocations=104 (full 0):
 garbage-first heap   total 561152K, used 259079K [0x0000000080000000, 0x0000000100000000)
  region size 1024K, 29 young (29696K), 29 survivors (29696K)
 Metaspace       used 150311K, capacity 155019K, committed 155136K, reserved 1183744K
  class space    used 18531K, capacity 20134K, committed 20224K, reserved 1048576K
}
Event: 2600.496 GC heap before
{Heap before GC invocations=104 (full 0):
 garbage-first heap   total 561152K, used 472071K [0x0000000080000000, 0x0000000100000000)
  region size 1024K, 237 young (242688K), 29 survivors (29696K)
 Metaspace       used 150400K, capacity 155031K, committed 155136K, reserved 1183744K
  class space    used 18532K, capacity 20134K, committed 20224K, reserved 1048576K
}
Event: 2600.623 GC heap after
{Heap after GC invocations=105 (full 0):
 garbage-first heap   total 561152K, used 281707K [0x0000000080000000, 0x0000000100000000)
  region size 1024K, 30 young (30720K), 30 survivors (30720K)
 Metaspace       used 150400K, capacity 155031K, committed 155136K, reserved 1183744K
  class space    used 18532K, capacity 20134K, committed 20224K, reserved 1048576K
}
Event: 2665.117 GC heap before
{Heap before GC invocations=105 (full 0):
 garbage-first heap   total 561152K, used 483435K [0x0000000080000000, 0x0000000100000000)
  region size 1024K, 202 young (206848K), 30 survivors (30720K)
 Metaspace       used 152809K, capacity 157749K, committed 157952K, reserved 1185792K
  class space    used 18925K, capacity 20659K, committed 20736K, reserved 1048576K
}
Event: 2665.192 GC heap after
{Heap after GC invocations=106 (full 0):
 garbage-first heap   total 561152K, used 297984K [0x0000000080000000, 0x0000000100000000)
  region size 1024K, 10 young (10240K), 10 survivors (10240K)
 Metaspace       used 152809K, capacity 157749K, committed 157952K, reserved 1185792K
  class space    used 18925K, capacity 20659K, committed 20736K, reserved 1048576K
}
Event: 2668.172 GC heap before
{Heap before GC invocations=106 (full 0):
 garbage-first heap   total 561152K, used 466944K [0x0000000080000000, 0x0000000100000000)
  region size 1024K, 173 young (177152K), 10 survivors (10240K)
 Metaspace       used 152908K, capacity 157879K, committed 158208K, reserved 1187840K
  class space    used 18931K, capacity 20660K, committed 20736K, reserved 1048576K
}
Event: 2668.201 GC heap after
{Heap after GC invocations=107 (full 0):
 garbage-first heap   total 561152K, used 301056K [0x0000000080000000, 0x0000000100000000)
  region size 1024K, 11 young (11264K), 11 survivors (11264K)
 Metaspace       used 152908K, capacity 157879K, committed 158208K, reserved 1187840K
  class space    used 18931K, capacity 20660K, committed 20736K, reserved 1048576K
}
Event: 2675.049 GC heap before
{Heap before GC invocations=107 (full 0):
 garbage-first heap   total 561152K, used 474111K [0x0000000080000000, 0x0000000100000000)
  region size 1024K, 177 young (181248K), 11 survivors (11264K)
 Metaspace       used 161692K, capacity 166849K, committed 167040K, reserved 1193984K
  class space    used 20053K, capacity 21859K, committed 21888K, reserved 1048576K
}
Event: 2675.099 GC heap after
{Heap after GC invocations=108 (full 0):
 garbage-first heap   total 561152K, used 313344K [0x0000000080000000, 0x0000000100000000)
  region size 1024K, 23 young (23552K), 23 survivors (23552K)
 Metaspace       used 161692K, capacity 166849K, committed 167040K, reserved 1193984K
  class space    used 20053K, capacity 21859K, committed 21888K, reserved 1048576K
}
Event: 2768.781 GC heap before
{Heap before GC invocations=108 (full 0):
 garbage-first heap   total 561152K, used 496639K [0x0000000080000000, 0x0000000100000000)
  region size 1024K, 178 young (182272K), 23 survivors (23552K)
 Metaspace       used 163917K, capacity 169245K, committed 169472K, reserved 1196032K
  class space    used 20343K, capacity 22213K, committed 22272K, reserved 1048576K
}
Event: 2768.824 GC heap after
{Heap after GC invocations=109 (full 0):
 garbage-first heap   total 561152K, used 309159K [0x0000000080000000, 0x0000000100000000)
  region size 1024K, 7 young (7168K), 7 survivors (7168K)
 Metaspace       used 163917K, capacity 169245K, committed 169472K, reserved 1196032K
  class space    used 20343K, capacity 22213K, committed 22272K, reserved 1048576K
}

